[demo.themefisher.com/navigator/index.html]
[backblue.gif]
[fade.gif]
[index.html]
[demo.themefisher.com/navigator/favicon.ico]
[demo.themefisher.com/navigator/plugins/bootstrap/bootstrap.min.css]
[demo.themefisher.com/navigator/plugins/revo-slider/css/settings.css]
[demo.themefisher.com/navigator/plugins/revo-slider/css/layers.css]
[demo.themefisher.com/navigator/plugins/revo-slider/css/navigation.css]
[demo.themefisher.com/navigator/plugins/revo-slider/fonts/pe-icon-7-stroke/css/pe-icon-7-stroke.css]
[demo.themefisher.com/navigator/plugins/revo-slider/fonts/font-awesome/css/font-awesome.min.css]
[demo.themefisher.com/navigator/plugins/themefisher-font/style.css]
[demo.themefisher.com/navigator/plugins/lightbox2/dist/css/lightbox.min.css]
[demo.themefisher.com/navigator/plugins/slick-carousel/slick/slick-theme.css]
[demo.themefisher.com/navigator/css/style.css]
[demo.themefisher.com/navigator/index-2.html]
[demo.themefisher.com/navigator/images/logo.png]
[demo.themefisher.com/navigator/index-3.html]
[demo.themefisher.com/navigator/about.html]
[demo.themefisher.com/navigator/service.html]
[demo.themefisher.com/navigator/portfolio.html]
[demo.themefisher.com/navigator/contact.html]
[demo.themefisher.com/navigator/404.html]
[demo.themefisher.com/navigator/images/slider/video-player-thumb.jpg]
[demo.themefisher.com/navigator/images/about/about-1.jpg]
[demo.themefisher.com/navigator/images/about/about-2.jpg]
[demo.themefisher.com/navigator/images/portfolio/portfolio-1.jpg]
[demo.themefisher.com/navigator/images/portfolio/portfolio-2.jpg]
[demo.themefisher.com/navigator/images/portfolio/portfolio-3.jpg]
[demo.themefisher.com/navigator/images/portfolio/portfolio-4.jpg]
[demo.themefisher.com/navigator/images/portfolio/portfolio-5.jpg]
[demo.themefisher.com/navigator/images/team/member-1.jpg]
[demo.themefisher.com/navigator/images/team/member-2.jpg]
[demo.themefisher.com/navigator/images/team/member-3.jpg]
[demo.themefisher.com/navigator/images/team/member-4.jpg]
[demo.themefisher.com/navigator/images/client-logo/clients-1.jpg]
[demo.themefisher.com/navigator/images/client-logo/clients-2.jpg]
[demo.themefisher.com/navigator/images/blog/post-1.jpg]
[demo.themefisher.com/navigator/images/blog/post-2.jpg]
[demo.themefisher.com/navigator/images/blog/post-3.jpg]
[demo.themefisher.com/navigator/plugins/jquery/jquery.min.js]
[demo.themefisher.com/navigator/plugins/bootstrap/bootstrap.min.js]
[demo.themefisher.com/navigator/plugins/parallax/jquery.parallax-1.1.3.js]
[demo.themefisher.com/navigator/plugins/lightbox2/dist/js/lightbox.min.js]
[demo.themefisher.com/navigator/plugins/slick-carousel/slick/slick.min.js]
[demo.themefisher.com/navigator/plugins/mixitup/dist/mixitup.min.js]
[demo.themefisher.com/navigator/plugins/smooth-scroll/dist/js/smooth-scroll.min.js]
[demo.themefisher.com/navigator/plugins/form-validation/jquery.form.js]
[demo.themefisher.com/navigator/plugins/form-validation/jquery.validate.min.js]
[demo.themefisher.com/navigator/plugins/revo-slider/js/jquery.themepunch.tools.min.js]
[demo.themefisher.com/navigator/plugins/revo-slider/js/jquery.themepunch.revolution.min.js]
[demo.themefisher.com/navigator/js/script.js]
[demo.themefisher.com/navigator/plugins/revo-slider/js/extensions/revolution.extension.actions.min.js]
[demo.themefisher.com/navigator/plugins/revo-slider/js/extensions/revolution.extension.carousel.min.js]
[demo.themefisher.com/navigator/plugins/revo-slider/js/extensions/revolution.extension.kenburn.min.js]
[demo.themefisher.com/navigator/plugins/revo-slider/js/extensions/revolution.extension.layeranimation.min.js]
[demo.themefisher.com/navigator/plugins/revo-slider/js/extensions/revolution.extension.migration.min.js]
[demo.themefisher.com/navigator/plugins/revo-slider/js/extensions/revolution.extension.navigation.min.js]
[demo.themefisher.com/navigator/plugins/revo-slider/js/extensions/revolution.extension.parallax.min.js]
[demo.themefisher.com/navigator/plugins/revo-slider/js/extensions/revolution.extension.slideanims.min.js]
[demo.themefisher.com/navigator/index.html]
[demo.themefisher.com/navigator/plugins/bootstrap/bootstrap.min.css]
[demo.themefisher.com/navigator/plugins/revo-slider/js/extensions/revolution.extension.video.min.js]
[demo.themefisher.com/navigator/plugins/revo-slider/fonts/revicons/revicons90c6.eot]
[demo.themefisher.com/navigator/plugins/revo-slider/fonts/revicons/revicons90c6.woff]
[demo.themefisher.com/navigator/plugins/revo-slider/fonts/revicons/revicons90c6.ttf]
[demo.themefisher.com/navigator/plugins/revo-slider/fonts/revicons/revicons90c6.svg]
[demo.themefisher.com/navigator/plugins/revo-slider/css/openhand.cur]
[demo.themefisher.com/navigator/plugins/revo-slider/css/closedhand.cur]
[demo.themefisher.com/navigator/plugins/revo-slider/assets/gridtile.png]
[demo.themefisher.com/navigator/plugins/revo-slider/assets/gridtile_white.png]
[demo.themefisher.com/navigator/plugins/revo-slider/assets/gridtile_3x3.42.delayed]
[demo.themefisher.com/navigator/plugins/revo-slider/assets/gridtile_3x3_white.png]
[demo.themefisher.com/navigator/plugins/revo-slider/assets/coloredbg.png]
[demo.themefisher.com/navigator/plugins/revo-slider/assets/loader.gif]
[demo.themefisher.com/navigator/plugins/revo-slider/css/settings.css]
[demo.themefisher.com/navigator/plugins/revo-slider/css/layers.css]
[demo.themefisher.com/navigator/plugins/revo-slider/css/navigation.css]
[demo.themefisher.com/navigator/plugins/revo-slider/fonts/pe-icon-7-stroke/fonts/Pe-icon-7-strokebb1d.eot]
[demo.themefisher.com/navigator/plugins/revo-slider/fonts/pe-icon-7-stroke/fonts/Pe-icon-7-stroked41d.eot]
[demo.themefisher.com/navigator/plugins/revo-slider/fonts/pe-icon-7-stroke/fonts/Pe-icon-7-strokebb1d.woff]
[demo.themefisher.com/navigator/plugins/revo-slider/fonts/pe-icon-7-stroke/fonts/Pe-icon-7-strokebb1d.ttf]
[demo.themefisher.com/navigator/plugins/revo-slider/fonts/pe-icon-7-stroke/css/pe-icon-7-stroke.css]
[demo.themefisher.com/navigator/plugins/revo-slider/fonts/pe-icon-7-stroke/fonts/Pe-icon-7-strokebb1d.svg]
[demo.themefisher.com/navigator/plugins/revo-slider/fonts/font-awesome/fonts/fontawesome-webfont5b62.eot]
[demo.themefisher.com/navigator/plugins/revo-slider/fonts/font-awesome/fonts/fontawesome-webfontd41d.eot]
[demo.themefisher.com/navigator/plugins/revo-slider/fonts/font-awesome/fonts/fontawesome-webfont5b62.woff2]
[demo.themefisher.com/navigator/plugins/revo-slider/fonts/font-awesome/fonts/fontawesome-webfont5b62.woff]
[demo.themefisher.com/navigator/plugins/revo-slider/fonts/font-awesome/fonts/fontawesome-webfont5b62.ttf]
[demo.themefisher.com/navigator/plugins/revo-slider/fonts/font-awesome/fonts/fontawesome-webfont5b62.svg]
[demo.themefisher.com/navigator/plugins/revo-slider/fonts/font-awesome/css/font-awesome.min.css]
[demo.themefisher.com/navigator/plugins/themefisher-font/fonts/themefisher-font692c.eot]
[demo.themefisher.com/navigator/plugins/themefisher-font/fonts/themefisher-font692c.ttf]
[demo.themefisher.com/navigator/plugins/themefisher-font/fonts/themefisher-font692c.woff]
[demo.themefisher.com/navigator/plugins/themefisher-font/fonts/themefisher-font.54692c.delayed]
[demo.themefisher.com/navigator/plugins/themefisher-font/style.css]
[demo.themefisher.com/navigator/plugins/lightbox2/dist/images/close.png]
[demo.themefisher.com/navigator/plugins/lightbox2/dist/images/loading.gif]
[demo.themefisher.com/navigator/plugins/lightbox2/dist/images/prev.png]
[demo.themefisher.com/navigator/plugins/lightbox2/dist/images/next.png]
[demo.themefisher.com/navigator/plugins/lightbox2/dist/css/lightbox.min.css]
[demo.themefisher.com/navigator/plugins/slick-carousel/slick/ajax-loader.gif]
[demo.themefisher.com/navigator/plugins/slick-carousel/slick/slick.css]
[demo.themefisher.com/navigator/plugins/slick-carousel/slick/fonts/slick.eot]
[demo.themefisher.com/navigator/plugins/slick-carousel/slick/fonts/slickd41d.eot]
[demo.themefisher.com/navigator/plugins/slick-carousel/slick/fonts/slick.woff]
[demo.themefisher.com/navigator/plugins/slick-carousel/slick/fonts/slick.ttf]
[demo.themefisher.com/navigator/plugins/slick-carousel/slick/slick-theme.css]
[demo.themefisher.com/navigator/plugins/slick-carousel/slick/fonts/slick.svg]
[demo.themefisher.com/navigator/images/pricing-bg.jpg]
[demo.themefisher.com/navigator/images/call-to-action/call-to-action-bg-2.jpg]
[demo.themefisher.com/navigator/images/call-to-action/call-to-action-bg.jpg]
[demo.themefisher.com/navigator/css/style.css]
[demo.themefisher.com/navigator/index-2.html]
[demo.themefisher.com/navigator/images/slider/slider-bg-1.jpg]
[demo.themefisher.com/navigator/images/slider/slider-bg-2.jpg]
[demo.themefisher.com/navigator/index-3.html]
[demo.themefisher.com/navigator/images/company/company-image.jpg]
[demo.themefisher.com/navigator/images/company/company-image-2.jpg]
[demo.themefisher.com/navigator/images/company/company-image-3.jpg]
[demo.themefisher.com/navigator/about.html]
[demo.themefisher.com/navigator/images/client-logo/logo1.png]
